<?xml version="1.0" encoding="UTF-8"?>
<!-- Generated by org.testng.reporters.JUnitReportReporter -->
<testsuite hostname="DESKTOP-IK62798" failures="0" tests="1" name="managerUtilitis.StartApplication" time="0.017" errors="0" timestamp="2023-09-15T00:33:13 IST" skipped="0">
  <testcase classname="managerUtilitis.StartApplication" name="startApplication" time="0.017"/>
  <system-out/>
</testsuite> <!-- managerUtilitis.StartApplication -->
